<?xml version="1.0" encoding="UTF-8"?>
<robot generator="Robot 6.0.1 (Python 3.11.0 on win32)" generated="20221128 17:02:11.116" rpa="false" schemaversion="3">
<suite id="s1" name="TestCasesAPIweather" source="C:\Users\Lucas PC\Documents\GitHub\ApiWeather\TestCasesAPIweather.robot">
<test id="s1-t1" name="Cenario 01 - Clima na Italia" line="9">
<kw name="Me as a rain lover user" library="ResourceAPI">
<kw name="Create Session" library="RequestsLibrary">
<arg>weather</arg>
<arg>${URL_API}</arg>
<doc>Create Session: create a HTTP session to a server</doc>
<msg timestamp="20221128 17:02:11.234" level="INFO">Creating Session using : alias=weather, url=https://api.openweathermap.org/data/2.5, headers={},                     cookies={}, auth=None, timeout=None, proxies=None, verify=False,                     debug=0 </msg>
<status status="PASS" starttime="20221128 17:02:11.233" endtime="20221128 17:02:11.234"/>
</kw>
<status status="PASS" starttime="20221128 17:02:11.233" endtime="20221128 17:02:11.234"/>
</kw>
<kw name="Want to know the weather in &quot;Italy,it&quot;" library="ResourceAPI" sourcename="Want to know the weather in &quot;${Pais}&quot;">
<kw name="Get Request" library="RequestsLibrary">
<var>${Response}</var>
<arg>weather</arg>
<arg>/weather?q=${Pais}&amp;appid=${API_Key}</arg>
<doc>*DEPRECATED* Please use `GET On Session` instead.</doc>
<msg timestamp="20221128 17:02:11.234" level="WARN">Keyword 'RequestsLibrary.Get Request' is deprecated. Please use `GET On Session` instead.</msg>
<msg timestamp="20221128 17:02:12.148" level="INFO">GET Request : url=https://api.openweathermap.org/data/2.5/weather?q=Italy,it&amp;appid=680d16b5724f4d90ad60e073421387cd 
 path_url=/data/2.5/weather?q=Italy,it&amp;appid=680d16b5724f4d90ad60e073421387cd 
 headers={'User-Agent': 'python-requests/2.28.1', 'Accept-Encoding': 'gzip, deflate', 'Accept': '*/*', 'Connection': 'keep-alive'} 
 body=None 
 </msg>
<msg timestamp="20221128 17:02:12.148" level="INFO">GET Response : url=https://api.openweathermap.org/data/2.5/weather?q=Italy,it&amp;appid=680d16b5724f4d90ad60e073421387cd 
 status=200, reason=OK 
 headers={'Server': 'openresty', 'Date': 'Mon, 28 Nov 2022 20:02:11 GMT', 'Content-Type': 'application/json; charset=utf-8', 'Content-Length': '518', 'Connection': 'keep-alive', 'X-Cache-Key': '/data/2.5/weather?q=italy,it', 'Access-Control-Allow-Origin': '*', 'Access-Control-Allow-Credentials': 'true', 'Access-Control-Allow-Methods': 'GET, POST'} 
 body={"coord":{"lon":12.8333,"lat":42.8333},"weather":[{"id":804,"main":"Clouds","description":"overcast clouds","icon":"04n"}],"base":"stations","main":{"temp":277.82,"feels_like":276.57,"temp_min":276.85,"temp_max":279,"pressure":1016,"humidity":78,"sea_level":1016,"grnd_level":935},"visibility":10000,"wind":{"speed":1.62,"deg":78,"gust":1.53},"clouds":{"all":100},"dt":1669665527,"sys":{"type":2,"id":20069,"country":"IT","sunrise":1669616176,"sunset":1669649835},"timezone":3600,"id":3175395,"name":"Italy","cod":200} 
 </msg>
<msg timestamp="20221128 17:02:12.148" level="INFO">C:\Users\Lucas PC\AppData\Local\Programs\Python\Python311\Lib\site-packages\urllib3\connectionpool.py:1045: InsecureRequestWarning: Unverified HTTPS request is being made to host 'api.openweathermap.org'. Adding certificate verification is strongly advised. See: https://urllib3.readthedocs.io/en/1.26.x/advanced-usage.html#ssl-warnings
  warnings.warn(</msg>
<msg timestamp="20221128 17:02:12.149" level="INFO">${Response} = &lt;Response [200]&gt;</msg>
<status status="PASS" starttime="20221128 17:02:11.234" endtime="20221128 17:02:12.149"/>
</kw>
<kw name="Log" library="BuiltIn">
<arg>${Response.text}</arg>
<doc>Logs the given message with the given level.</doc>
<msg timestamp="20221128 17:02:12.150" level="INFO">{"coord":{"lon":12.8333,"lat":42.8333},"weather":[{"id":804,"main":"Clouds","description":"overcast clouds","icon":"04n"}],"base":"stations","main":{"temp":277.82,"feels_like":276.57,"temp_min":276.85,"temp_max":279,"pressure":1016,"humidity":78,"sea_level":1016,"grnd_level":935},"visibility":10000,"wind":{"speed":1.62,"deg":78,"gust":1.53},"clouds":{"all":100},"dt":1669665527,"sys":{"type":2,"id":20069,"country":"IT","sunrise":1669616176,"sunset":1669649835},"timezone":3600,"id":3175395,"name":"Italy","cod":200}</msg>
<status status="PASS" starttime="20221128 17:02:12.149" endtime="20221128 17:02:12.150"/>
</kw>
<kw name="Should Be Equal As Strings" library="BuiltIn">
<arg>${Response.status_code}</arg>
<arg>${Sucess_state}</arg>
<doc>Fails if objects are unequal after converting them to strings.</doc>
<msg timestamp="20221128 17:02:12.150" level="INFO">Argument types are:
&lt;class 'int'&gt;
&lt;class 'str'&gt;</msg>
<status status="PASS" starttime="20221128 17:02:12.150" endtime="20221128 17:02:12.150"/>
</kw>
<kw name="Set Test Variable" library="BuiltIn">
<arg>${Response}</arg>
<doc>Makes a variable available everywhere within the scope of the current test.</doc>
<msg timestamp="20221128 17:02:12.151" level="INFO">${Response} = &lt;Response [200]&gt;</msg>
<status status="PASS" starttime="20221128 17:02:12.150" endtime="20221128 17:02:12.151"/>
</kw>
<status status="PASS" starttime="20221128 17:02:11.234" endtime="20221128 17:02:12.151"/>
</kw>
<kw name="To find out if I can travel" library="ResourceAPI">
<kw name="Should Contain" library="BuiltIn">
<arg>${Response.text}</arg>
<arg>clouds</arg>
<doc>Fails if ``container`` does not contain ``item`` one or more times.</doc>
<status status="PASS" starttime="20221128 17:02:12.151" endtime="20221128 17:02:12.152"/>
</kw>
<status status="PASS" starttime="20221128 17:02:12.151" endtime="20221128 17:02:12.152"/>
</kw>
<status status="PASS" starttime="20221128 17:02:11.233" endtime="20221128 17:02:12.152"/>
</test>
<test id="s1-t2" name=" Cenario 02" line="14">
<kw name="Me as a london resident" library="ResourceAPI">
<kw name="Create Session" library="RequestsLibrary">
<arg>weather</arg>
<arg>${URL_API}</arg>
<doc>Create Session: create a HTTP session to a server</doc>
<msg timestamp="20221128 17:02:12.154" level="INFO">Creating Session using : alias=weather, url=https://api.openweathermap.org/data/2.5, headers={},                     cookies={}, auth=None, timeout=None, proxies=None, verify=False,                     debug=0 </msg>
<status status="PASS" starttime="20221128 17:02:12.153" endtime="20221128 17:02:12.154"/>
</kw>
<status status="PASS" starttime="20221128 17:02:12.153" endtime="20221128 17:02:12.154"/>
</kw>
<kw name="Want to check the weather in &quot;London,uk&quot;" library="ResourceAPI" sourcename="Want to check the weather in &quot;${Pais}&quot;">
<kw name="Get Request" library="RequestsLibrary">
<var>${Response}</var>
<arg>weather</arg>
<arg>/weather?q=${Pais}&amp;appid=${API_Key}</arg>
<doc>*DEPRECATED* Please use `GET On Session` instead.</doc>
<msg timestamp="20221128 17:02:12.154" level="WARN">Keyword 'RequestsLibrary.Get Request' is deprecated. Please use `GET On Session` instead.</msg>
<msg timestamp="20221128 17:02:13.128" level="INFO">GET Request : url=https://api.openweathermap.org/data/2.5/weather?q=London,uk&amp;appid=680d16b5724f4d90ad60e073421387cd 
 path_url=/data/2.5/weather?q=London,uk&amp;appid=680d16b5724f4d90ad60e073421387cd 
 headers={'User-Agent': 'python-requests/2.28.1', 'Accept-Encoding': 'gzip, deflate', 'Accept': '*/*', 'Connection': 'keep-alive'} 
 body=None 
 </msg>
<msg timestamp="20221128 17:02:13.129" level="INFO">GET Response : url=https://api.openweathermap.org/data/2.5/weather?q=London,uk&amp;appid=680d16b5724f4d90ad60e073421387cd 
 status=200, reason=OK 
 headers={'Server': 'openresty', 'Date': 'Mon, 28 Nov 2022 20:02:12 GMT', 'Content-Type': 'application/json; charset=utf-8', 'Content-Length': '470', 'Connection': 'keep-alive', 'X-Cache-Key': '/data/2.5/weather?q=london,uk', 'Access-Control-Allow-Origin': '*', 'Access-Control-Allow-Credentials': 'true', 'Access-Control-Allow-Methods': 'GET, POST'} 
 body={"coord":{"lon":-0.1257,"lat":51.5085},"weather":[{"id":803,"main":"Clouds","description":"broken clouds","icon":"04n"}],"base":"stations","main":{"temp":280.08,"feels_like":279.25,"temp_min":277.19,"temp_max":282.01,"pressure":1011,"humidity":93},"visibility":7000,"wind":{"speed":1.54,"deg":0},"clouds":{"all":75},"dt":1669665503,"sys":{"type":2,"id":2075535,"country":"GB","sunrise":1669621169,"sunset":1669651064},"timezone":0,"id":2643743,"name":"London","cod":200} 
 </msg>
<msg timestamp="20221128 17:02:13.129" level="INFO">C:\Users\Lucas PC\AppData\Local\Programs\Python\Python311\Lib\site-packages\urllib3\connectionpool.py:1045: InsecureRequestWarning: Unverified HTTPS request is being made to host 'api.openweathermap.org'. Adding certificate verification is strongly advised. See: https://urllib3.readthedocs.io/en/1.26.x/advanced-usage.html#ssl-warnings
  warnings.warn(</msg>
<msg timestamp="20221128 17:02:13.129" level="INFO">${Response} = &lt;Response [200]&gt;</msg>
<status status="PASS" starttime="20221128 17:02:12.154" endtime="20221128 17:02:13.129"/>
</kw>
<kw name="Log" library="BuiltIn">
<arg>${Response.text}</arg>
<doc>Logs the given message with the given level.</doc>
<msg timestamp="20221128 17:02:13.130" level="INFO">{"coord":{"lon":-0.1257,"lat":51.5085},"weather":[{"id":803,"main":"Clouds","description":"broken clouds","icon":"04n"}],"base":"stations","main":{"temp":280.08,"feels_like":279.25,"temp_min":277.19,"temp_max":282.01,"pressure":1011,"humidity":93},"visibility":7000,"wind":{"speed":1.54,"deg":0},"clouds":{"all":75},"dt":1669665503,"sys":{"type":2,"id":2075535,"country":"GB","sunrise":1669621169,"sunset":1669651064},"timezone":0,"id":2643743,"name":"London","cod":200}</msg>
<status status="PASS" starttime="20221128 17:02:13.129" endtime="20221128 17:02:13.130"/>
</kw>
<kw name="Should Be Equal As Strings" library="BuiltIn">
<arg>${Response.status_code}</arg>
<arg>${Sucess_state}</arg>
<doc>Fails if objects are unequal after converting them to strings.</doc>
<msg timestamp="20221128 17:02:13.131" level="INFO">Argument types are:
&lt;class 'int'&gt;
&lt;class 'str'&gt;</msg>
<status status="PASS" starttime="20221128 17:02:13.130" endtime="20221128 17:02:13.131"/>
</kw>
<kw name="Set Test Variable" library="BuiltIn">
<arg>${Response}</arg>
<doc>Makes a variable available everywhere within the scope of the current test.</doc>
<msg timestamp="20221128 17:02:13.131" level="INFO">${Response} = &lt;Response [200]&gt;</msg>
<status status="PASS" starttime="20221128 17:02:13.131" endtime="20221128 17:02:13.131"/>
</kw>
<status status="PASS" starttime="20221128 17:02:12.154" endtime="20221128 17:02:13.131"/>
</kw>
<kw name="To find out if I can go out to watch Liverpool" library="ResourceAPI">
<kw name="Should Contain" library="BuiltIn">
<arg>${Response.text}</arg>
<arg>clouds</arg>
<doc>Fails if ``container`` does not contain ``item`` one or more times.</doc>
<status status="PASS" starttime="20221128 17:02:13.132" endtime="20221128 17:02:13.132"/>
</kw>
<status status="PASS" starttime="20221128 17:02:13.131" endtime="20221128 17:02:13.132"/>
</kw>
<status status="PASS" starttime="20221128 17:02:12.153" endtime="20221128 17:02:13.132"/>
</test>
<status status="PASS" starttime="20221128 17:02:11.117" endtime="20221128 17:02:13.133"/>
</suite>
<statistics>
<total>
<stat pass="2" fail="0" skip="0">All Tests</stat>
</total>
<tag>
</tag>
<suite>
<stat pass="2" fail="0" skip="0" id="s1" name="TestCasesAPIweather">TestCasesAPIweather</stat>
</suite>
</statistics>
<errors>
<msg timestamp="20221128 17:02:11.234" level="WARN">Keyword 'RequestsLibrary.Get Request' is deprecated. Please use `GET On Session` instead.</msg>
<msg timestamp="20221128 17:02:12.154" level="WARN">Keyword 'RequestsLibrary.Get Request' is deprecated. Please use `GET On Session` instead.</msg>
</errors>
</robot>
